<?xml version="1.0" encoding="UTF-8"?>
<!-- Generated by org.testng.reporters.JUnitReportReporter -->
<testsuite hostname="Manoj" name="org.com.api.NetworkNT" tests="1" failures="0" timestamp="12 Mar 2024 10:13:05 GMT" time="1.549" errors="0">
  <testcase name="valitationShema" time="1.549" classname="org.com.api.NetworkNT"/>
</testsuite> <!-- org.com.api.NetworkNT -->
