<?xml version="1.0" encoding="UTF-8"?>
<!-- Generated by org.testng.reporters.JUnitReportReporter -->
<testsuite hostname="Manoj" name="org.com.api.Databind" tests="1" failures="0" timestamp="12 Mar 2024 07:30:12 GMT" time="7.762" errors="0">
  <testcase name="serilication" time="7.762" classname="org.com.api.Databind"/>
</testsuite> <!-- org.com.api.Databind -->
