<?xml version="1.0" encoding="UTF-8"?>
<!-- Generated by org.testng.reporters.JUnitReportReporter -->
<testsuite hostname="Manoj" name="org.com.api.Get" tests="1" failures="0" timestamp="12 Mar 2024 07:18:07 GMT" time="5.423" errors="0">
  <testcase name="getAllEmployee" time="5.423" classname="org.com.api.Get"/>
</testsuite> <!-- org.com.api.Get -->
